<?xml version="1.0" encoding="UTF-8"?>
<!-- Generated by org.testng.reporters.JUnitReportReporter -->
<testsuite hostname="DESKTOP-2MDJGKN" name="tests.CheckSignIn" tests="1" failures="0" timestamp="25 Jul 2020 18:00:02 GMT" time="18.527" errors="0">
  <testcase name="execute" time="18.527" classname="tests.CheckSignIn"/>
</testsuite> <!-- tests.CheckSignIn -->
