<?xml version="1.0" encoding="UTF-8"?>
<!-- Generated by org.testng.reporters.JUnitReportReporter -->
<testsuite hostname="DESKTOP-2MDJGKN" name="tests.UpdateBill" tests="1" failures="0" timestamp="26 Jul 2020 07:32:54 GMT" time="45.432" errors="0">
  <testcase name="execute" time="45.432" classname="tests.UpdateBill"/>
</testsuite> <!-- tests.UpdateBill -->
